#
# There is insufficient memory for the Java Runtime Environment to continue.
# Native memory allocation (mmap) failed to map 4294967296 bytes for G1 virtual space
# Possible reasons:
#   The system is out of physical RAM or swap space
#   The process is running with CompressedOops enabled, and the Java Heap may be blocking the growth of the native heap
# Possible solutions:
#   Reduce memory load on the system
#   Increase physical memory or swap space
#   Check if swap backing store is full
#   Decrease Java heap size (-Xmx/-Xms)
#   Decrease number of Java threads
#   Decrease Java thread stack sizes (-Xss)
#   Set larger code cache with -XX:ReservedCodeCacheSize=
#   JVM is running with Zero Based Compressed Oops mode in which the Java heap is
#     placed in the first 32GB address space. The Java Heap base address is the
#     maximum limit for the native heap growth. Please use -XX:HeapBaseMinAddress
#     to set the Java Heap base and to place the Java Heap above 32GB virtual address.
# This output file may be truncated or incomplete.
#
#  Out of Memory Error (./open/src/hotspot/os/windows/os_windows.cpp:3321), pid=388, tid=11072
#
# JRE version:  (15.0.2+7) (build )
# Java VM: Java HotSpot(TM) 64-Bit Server VM (15.0.2+7-27, mixed mode, sharing, tiered, compressed oops, g1 gc, windows-amd64)
# No core dump will be written. Minidumps are not enabled by default on client versions of Windows
#

---------------  S U M M A R Y ------------

Command Line: -Xms4G -Xmx4G -javaagent:C:\Program Files\JetBrains\IntelliJ IDEA Community Edition 2020.3.2\lib\idea_rt.jar=52896:C:\Program Files\JetBrains\IntelliJ IDEA Community Edition 2020.3.2\bin -Dfile.encoding=UTF-8 com.company.Main 5

Host: Intel(R) Core(TM) i7-7700HQ CPU @ 2.80GHz, 8 cores, 7G,  Windows 10 , 64 bit Build 17763 (10.0.17763.475)
Time: Wed Feb 17 18:15:51 2021 GTB Standard Time elapsed time: 2.247272 seconds (0d 0h 0m 2s)

---------------  T H R E A D  ---------------

Current thread (0x00000237b9413f20):  JavaThread "Unknown thread" [_thread_in_vm, id=11072, stack(0x0000006ed7e00000,0x0000006ed7f00000)]

Stack: [0x0000006ed7e00000,0x0000006ed7f00000]
Native frames: (J=compiled Java code, j=interpreted, Vv=VM code, C=native code)
V  [jvm.dll+0x62ae9a]
V  [jvm.dll+0x7817a9]
V  [jvm.dll+0x782f03]
V  [jvm.dll+0x783563]
V  [jvm.dll+0x216325]
V  [jvm.dll+0x6281d9]
V  [jvm.dll+0x61cf55]
V  [jvm.dll+0x2cffdd]
V  [jvm.dll+0x2cfe42]
V  [jvm.dll+0x2d5e1c]
V  [jvm.dll+0x32590a]
V  [jvm.dll+0x324fd4]
V  [jvm.dll+0x2a6f5a]
V  [jvm.dll+0x2a80f8]
V  [jvm.dll+0x75e241]
V  [jvm.dll+0x3341c4]
V  [jvm.dll+0x73e926]
V  [jvm.dll+0x3b7557]
V  [jvm.dll+0x3b8fe1]
C  [jli.dll+0x52fb]
C  [ucrtbase.dll+0x2268a]
C  [KERNEL32.DLL+0x17974]
C  [ntdll.dll+0x5a2d1]


---------------  P R O C E S S  ---------------

Threads class SMR info:
_java_thread_list=0x00007ffff44e4ff0, length=0, elements={
}

Java Threads: ( => current thread )

Other Threads:
  0x00000237b9464550 GCTaskThread "GC Thread#0" [stack: 0x0000006ed7f00000,0x0000006ed8000000] [id=7528]
  0x00000237b94766b0 ConcurrentGCThread "G1 Main Marker" [stack: 0x0000006ed8000000,0x0000006ed8100000] [id=9240]
  0x00000237b9477e60 ConcurrentGCThread "G1 Conc#0" [stack: 0x0000006ed8100000,0x0000006ed8200000] [id=3224]

[error occurred during error reporting (printing all threads), id 0xc0000005, EXCEPTION_ACCESS_VIOLATION (0xc0000005) at pc=0x00007ffff3cd7e27]

VM state: not at safepoint (not fully initialized)

VM Mutex/Monitor currently owned by a thread:  ([mutex/lock_event])
[0x00000237b9411270] Heap_lock - owner thread: 0x00000237b9413f20

Heap address: 0x0000000700000000, size: 4096 MB, Compressed Oops mode: Zero based, Oop shift amount: 3
CDS archive(s) mapped at: [0x0000000000000000-0x0000000000000000-0x0000000000000000), size 0, SharedBaseAddress: 0x0000000800000000, ArchiveRelocationMode: 0.
Narrow klass base: 0x0000000000000000, Narrow klass shift: 0, Narrow klass range: 0x0

Heap:
 garbage-first heap   total 4194304K, used 0K [0x0000000700000000, 0x0000000800000000)
  region size 2048K, 0 young (0K), 0 survivors (0K)
 Metaspace       used 0K, capacity 0K, committed 0K, reserved 0K
  class space    used 0K, capacity 0K, committed 0K, reserved 0K

Heap Regions: E=young(eden), S=young(survivor), O=old, HS=humongous(starts), HC=humongous(continues), CS=collection set, F=free, OA=open archive, CA=closed archive, TAMS=top-at-mark-start (previous, next)

Card table byte_map: [0x00000237d1180000,0x00000237d1980000] _byte_map_base: 0x00000237cd980000

Marking Bits (Prev, Next): (CMBitMap*) 0x00000237b9465d50, (CMBitMap*) 0x00000237b9465d90
 Prev Bits: [0x00000237d2180000, 0x00000237d6180000)
 Next Bits: [0x00000237d6180000, 0x00000237da180000)

GC Heap History (0 events):
No events

Deoptimization events (0 events):
No events

Classes unloaded (0 events):
No events

Classes redefined (0 events):
No events

Internal exceptions (0 events):
No events

Events (1 events):
Event: 0.007 Loaded shared library C:\Program Files\Java\jdk-15.0.2\bin\java.dll


Dynamic libraries:
0x00007ff7b14a0000 - 0x00007ff7b14af000 	C:\Program Files\Java\jdk-15.0.2\bin\java.exe
0x00007ff83df20000 - 0x00007ff83e10c000 	C:\Windows\SYSTEM32\ntdll.dll
0x00007ff83ba90000 - 0x00007ff83bb43000 	C:\Windows\System32\KERNEL32.DLL
0x00007ff83a210000 - 0x00007ff83a4a4000 	C:\Windows\System32\KERNELBASE.dll
0x00007ff839ff0000 - 0x00007ff83a0ea000 	C:\Windows\System32\ucrtbase.dll
0x00007ff836810000 - 0x00007ff836828000 	C:\Program Files\Java\jdk-15.0.2\bin\jli.dll
0x00007ff836830000 - 0x00007ff836849000 	C:\Program Files\Java\jdk-15.0.2\bin\VCRUNTIME140.dll
0x00007ff83bb60000 - 0x00007ff83bc03000 	C:\Windows\System32\ADVAPI32.dll
0x00007ff83bc70000 - 0x00007ff83bd0e000 	C:\Windows\System32\msvcrt.dll
0x00007ff83b430000 - 0x00007ff83b4cf000 	C:\Windows\System32\sechost.dll
0x00007ff83d4c0000 - 0x00007ff83d5e0000 	C:\Windows\System32\RPCRT4.dll
0x00007ff83b290000 - 0x00007ff83b427000 	C:\Windows\System32\USER32.dll
0x00007ff83ac30000 - 0x00007ff83ac50000 	C:\Windows\System32\win32u.dll
0x00007ff81bd30000 - 0x00007ff81bfa9000 	C:\Windows\WinSxS\amd64_microsoft.windows.common-controls_6595b64144ccf1df_6.0.17763.1757_none_de724378534a71c4\COMCTL32.dll
0x00007ff83b4e0000 - 0x00007ff83b509000 	C:\Windows\System32\GDI32.dll
0x00007ff83b510000 - 0x00007ff83b83e000 	C:\Windows\System32\combase.dll
0x00007ff83acd0000 - 0x00007ff83ae6c000 	C:\Windows\System32\gdi32full.dll
0x00007ff83a0f0000 - 0x00007ff83a190000 	C:\Windows\System32\msvcp_win.dll
0x00007ff83a190000 - 0x00007ff83a20f000 	C:\Windows\System32\bcryptPrimitives.dll
0x00007ff82fc90000 - 0x00007ff82fc9a000 	C:\Windows\SYSTEM32\VERSION.dll
0x00007ff83b860000 - 0x00007ff83b88e000 	C:\Windows\System32\IMM32.DLL
0x00007ff836800000 - 0x00007ff83680c000 	C:\Program Files\Java\jdk-15.0.2\bin\vcruntime140_1.dll
0x00007ff80e2e0000 - 0x00007ff80e371000 	C:\Program Files\Java\jdk-15.0.2\bin\msvcp140.dll
0x00007ffff3a20000 - 0x00007ffff457e000 	C:\Program Files\Java\jdk-15.0.2\bin\server\jvm.dll
0x00007ff83b150000 - 0x00007ff83b158000 	C:\Windows\System32\PSAPI.DLL
0x00007ff837940000 - 0x00007ff837964000 	C:\Windows\SYSTEM32\WINMM.dll
0x00007ff826760000 - 0x00007ff826769000 	C:\Windows\SYSTEM32\WSOCK32.dll
0x00007ff83d2f0000 - 0x00007ff83d35d000 	C:\Windows\System32\WS2_32.dll
0x00007ff837910000 - 0x00007ff83793d000 	C:\Windows\SYSTEM32\winmmbase.dll
0x00007ff83b100000 - 0x00007ff83b14a000 	C:\Windows\System32\cfgmgr32.dll
0x00007ff839f20000 - 0x00007ff839f31000 	C:\Windows\System32\kernel.appcore.dll
0x00007ff829e60000 - 0x00007ff829e6a000 	C:\Program Files\Java\jdk-15.0.2\bin\jimage.dll
0x00007ff822870000 - 0x00007ff822a5d000 	C:\Windows\SYSTEM32\DBGHELP.DLL
0x00007ff8266b0000 - 0x00007ff8266da000 	C:\Windows\SYSTEM32\dbgcore.DLL
0x00007ff829e50000 - 0x00007ff829e5e000 	C:\Program Files\Java\jdk-15.0.2\bin\instrument.dll
0x00007ff829e20000 - 0x00007ff829e45000 	C:\Program Files\Java\jdk-15.0.2\bin\java.dll

dbghelp: loaded successfully - version: 4.0.5 - missing functions: none
symbol engine: initialized successfully - sym options: 0x614 - pdb path: .;C:\Program Files\Java\jdk-15.0.2\bin;C:\Windows\SYSTEM32;C:\Windows\WinSxS\amd64_microsoft.windows.common-controls_6595b64144ccf1df_6.0.17763.1757_none_de724378534a71c4;C:\Program Files\Java\jdk-15.0.2\bin\server

VM Arguments:
jvm_args: -Xms4G -Xmx4G -javaagent:C:\Program Files\JetBrains\IntelliJ IDEA Community Edition 2020.3.2\lib\idea_rt.jar=52896:C:\Program Files\JetBrains\IntelliJ IDEA Community Edition 2020.3.2\bin -Dfile.encoding=UTF-8 
java_command: com.company.Main 5
java_class_path (initial): C:\Users\Ovidiu Gabor\Desktop\PA\out\production\PA
Launcher Type: SUN_STANDARD

[Global flags]
     intx CICompilerCount                          = 4                                         {product} {ergonomic}
     uint ConcGCThreads                            = 2                                         {product} {ergonomic}
     uint G1ConcRefinementThreads                  = 8                                         {product} {ergonomic}
   size_t G1HeapRegionSize                         = 2097152                                   {product} {ergonomic}
    uintx GCDrainStackTargetSize                   = 64                                        {product} {ergonomic}
   size_t InitialHeapSize                          = 4294967296                                {product} {command line}
   size_t MarkStackSize                            = 4194304                                   {product} {ergonomic}
   size_t MaxHeapSize                              = 4294967296                                {product} {command line}
   size_t MinHeapDeltaBytes                        = 2097152                                   {product} {ergonomic}
   size_t MinHeapSize                              = 4294967296                                {product} {command line}
    uintx NonNMethodCodeHeapSize                   = 5839372                                {pd product} {ergonomic}
    uintx NonProfiledCodeHeapSize                  = 122909434                              {pd product} {ergonomic}
    uintx ProfiledCodeHeapSize                     = 122909434                              {pd product} {ergonomic}
    uintx ReservedCodeCacheSize                    = 251658240                              {pd product} {ergonomic}
     bool SegmentedCodeCache                       = true                                      {product} {ergonomic}
   size_t SoftMaxHeapSize                          = 4294967296                             {manageable} {ergonomic}
     bool UseCompressedClassPointers               = true                                 {lp64_product} {ergonomic}
     bool UseCompressedOops                        = true                                 {lp64_product} {ergonomic}
     bool UseG1GC                                  = true                                      {product} {ergonomic}
     bool UseLargePagesIndividualAllocation        = false                                  {pd product} {ergonomic}

Logging:
Log output configuration:
 #0: stdout all=warning uptime,level,tags
 #1: stderr all=off uptime,level,tags

Environment Variables:
PATH=C:\oraclexe\app\oracle\product\11.2.0\server\bin;;C:\Program Files\Common Files\Oracle\Java\javapath;C:\Windows\system32;C:\Windows;C:\Windows\System32\Wbem;C:\Windows\System32\WindowsPowerShell\v1.0\;C:\Windows\System32\OpenSSH\;C:\Program Files (x86)\NVIDIA Corporation\PhysX\Common;C:\Program Files\NVIDIA Corporation\NVIDIA NvDLISR;C:\Program Files\Git\cmd;C:\Users\Ovidiu Gabor\AppData\Local\Microsoft\WindowsApps;;C:\Users\Ovidiu Gabor\AppData\Local\Programs\Microsoft VS Code\bin;C:\Program Files\JetBrains\IntelliJ IDEA Community Edition 2020.3.2\bin;
USERNAME=Ovidiu Gabor
OS=Windows_NT
PROCESSOR_IDENTIFIER=Intel64 Family 6 Model 158 Stepping 9, GenuineIntel



---------------  S Y S T E M  ---------------

OS:
 Windows 10 , 64 bit Build 17763 (10.0.17763.475)
OS uptime: 0 days 3:33 hours

CPU: total 8 (initial active 8) (4 cores per cpu, 2 threads per core) family 6 model 158 stepping 9 microcode 0x8e, cmov, cx8, fxsr, mmx, sse, sse2, sse3, ssse3, sse4.1, sse4.2, popcnt, vzeroupper, avx, avx2, aes, clmul, erms, 3dnowpref, lzcnt, ht, tsc, tscinvbit, bmi1, bmi2, adx, fma, clflush, clflushopt

Memory: 4k page, system-wide physical 8084M (1945M free)
TotalPageFile size 14874M (AvailPageFile size 3833M)
current process WorkingSet (physical memory assigned to process): 10M, peak: 10M
current process commit charge ("private bytes"): 60M, peak: 4156M

vm_info: Java HotSpot(TM) 64-Bit Server VM (15.0.2+7-27) for windows-amd64 JRE (15.0.2+7-27), built on Dec  7 2020 20:07:01 by "mach5one" with unknown MS VC++:1925

END.
